<beans xmlns="http://www.springframework.org/schema/beans"
  xmlns:xsi="http://www.w3.org/2001/XMLSchema-instance" 
  xmlns:context="http://www.springframework.org/schema/context"
  xmlns:util="http://www.springframework.org/schema/util"
  xsi:schemaLocation="
  http://www.springframework.org/schema/beans http://www.springframework.org/schema/beans/spring-beans-3.0.xsd
  http://www.springframework.org/schema/context http://www.springframework.org/schema/context/spring-context-3.0.xsd
  http://www.springframework.org/schema/util http://www.springframework.org/schema/util/spring-util-3.0.xsd
  ">

  <context:annotation-config />

  <util:properties id="properties">
    <prop key="antMaxCount">4</prop>
    <prop key="antInitialEnergy">100</prop>
    <prop key="antMinReproductiveAge">25</prop>
    <prop key="foodMinCount">1000</prop>
    <prop key="foodClusterRadius">15</prop>
    <prop key="foodInitialEnergy">10</prop>
    <prop key="pheromoneInitialEnergy">100</prop>
    <prop key="pheromoneDecayInterval">100</prop>
  </util:properties>

  <bean class="org.mechaverse.simulation.ant.core.AntSimulationImpl" lazy-init="true" />

  <bean id="cellularAutomatonDescriptorDataSource" lazy-init="true" 
      class="org.mechaverse.simulation.common.SimulationStateCellularAutomatonDescriptor" />

  <bean class="org.mechaverse.simulation.common.cellautomaton.simulation.opencl.CompositeOpenClCellularAutomatonSimulatorFactory" 
      name="CompositeCellularAutomatonSimulatorFactory">
    <constructor-arg index="0" value="4" />
    <constructor-arg index="1" value="1" />
    <constructor-arg index="2" >
      <util:constant static-field="org.mechaverse.simulation.ant.core.entity.ant.AntInput.DATA_SIZE" />
    </constructor-arg>
    <constructor-arg index="3" value="32" />
    <constructor-arg index="4"><ref bean="cellularAutomatonDescriptorDataSource" /></constructor-arg>
  </bean>
  
  <bean id="cellularAutomatonSimulator" lazy-init="true"
      class="org.mechaverse.simulation.common.cellautomaton.simulation.CellularAutomatonSimulator" 
          factory-bean="CompositeCellularAutomatonSimulatorFactory" factory-method="getObject" />

  <bean id="activeAntProvider" class="org.mechaverse.simulation.ant.core.entity.ant.ActiveAntProvider" scope="prototype" />
  <bean id="antBehavior" class="org.mechaverse.simulation.ant.core.entity.ant.CellularAutomatonAntBehavior" scope="prototype" >
      <constructor-arg><ref bean="cellularAutomatonDescriptorDataSource" /></constructor-arg>
      <constructor-arg><ref bean="cellularAutomatonSimulator" /></constructor-arg>
  </bean>

  <bean class="org.mechaverse.simulation.ant.core.EnvironmentSimulator.Factory" scope="prototype" />
  <bean class="org.mechaverse.simulation.ant.core.ActiveEntityProviders" scope="prototype">
    <constructor-arg>
      <map key-type="org.mechaverse.simulation.ant.core.model.EntityType">
        <entry key="ANT" value-ref="activeAntProvider" />
      </map>
    </constructor-arg>
  </bean>

  <bean id="replayRecorderModule" class="org.mechaverse.simulation.ant.core.module.ReplayRecorderModule" scope="prototype" />
  <bean id="foodGenerationModule" class="org.mechaverse.simulation.ant.core.module.FoodGenerationModule" scope="prototype" />
  <bean id="pheromoneDecayModule" class="org.mechaverse.simulation.ant.core.module.PheromoneDecayModule" scope="prototype" />
  <bean id="antReproductionModule" class="org.mechaverse.simulation.ant.core.module.AntReproductionModule" scope="prototype" />
  <bean id="cellularAutomatonModule" class="org.mechaverse.simulation.ant.core.module.CellularAutomatonSimulationModule" lazy-init="true" />

  <util:list id="modules" value-type="org.mechaverse.simulation.ant.core.module.AntSimulationModule" scope="prototype">
    <ref bean="replayRecorderModule" />
    <ref bean="foodGenerationModule" />
    <ref bean="pheromoneDecayModule" />
    <ref bean="antReproductionModule" />
    <ref bean="cellularAutomatonModule" />
  </util:list>
</beans>
