<beans xmlns="http://www.springframework.org/schema/beans"
  xmlns:xsi="http://www.w3.org/2001/XMLSchema-instance" 
  xmlns:context="http://www.springframework.org/schema/context"
  xmlns:util="http://www.springframework.org/schema/util"
  xsi:schemaLocation="
  http://www.springframework.org/schema/beans http://www.springframework.org/schema/beans/spring-beans-3.0.xsd
  http://www.springframework.org/schema/context http://www.springframework.org/schema/context/spring-context-3.0.xsd
  http://www.springframework.org/schema/util http://www.springframework.org/schema/util/spring-util-3.0.xsd
  ">

  <context:annotation-config />
  
  <util:properties id="properties">
    <prop key="antMaxCount">500</prop>
    <prop key="antInitialEnergy">100</prop>
    <prop key="antMinReproductiveAge">25</prop>
    <prop key="foodMinCount">1000</prop>
    <prop key="foodClusterRadius">15</prop>
    <prop key="foodInitialEnergy">10</prop>
    <prop key="pheromoneInitialEnergy">100</prop>
    <prop key="pheromoneDecayInterval">100</prop>
  </util:properties>

  <bean id="activeAntProvider" class="org.mechaverse.simulation.ant.core.entity.ant.ReplayActiveAntProvider" scope="prototype" />

  <bean class="org.mechaverse.simulation.ant.core.AntSimulationImpl" scope="prototype" />
  <bean class="org.mechaverse.simulation.ant.core.EnvironmentSimulator.Factory" scope="prototype" />
  <bean class="org.mechaverse.simulation.ant.core.entity.ActiveEntityProviders" scope="prototype">
    <constructor-arg>
      <map key-type="org.mechaverse.simulation.ant.core.model.EntityType">
        <entry key="ANT" value-ref="activeAntProvider" />
      </map>
    </constructor-arg>
  </bean>

  <bean id="replayModule" class="org.mechaverse.simulation.ant.core.module.ReplayModule" scope="prototype" />
  <bean id="foodGenerationModule" class="org.mechaverse.simulation.ant.core.module.FoodGenerationModule" scope="prototype" />
  <bean id="pheromoneDecayModule" class="org.mechaverse.simulation.ant.core.module.PheromoneDecayModule" scope="prototype" />
  <bean id="antReproductionReplayModule" class="org.mechaverse.simulation.ant.core.module.AntReproductionReplayModule" scope="prototype" />

  <util:list id="modules" value-type="org.mechaverse.simulation.ant.core.module.AntSimulationModule" scope="prototype">
    <ref bean="replayModule" />
    <ref bean="foodGenerationModule" />
    <ref bean="pheromoneDecayModule" />
    <ref bean="antReproductionReplayModule" />
  </util:list>
</beans>
